This is pdfTeX, Version 3.14159265-2.6-1.40.17 (TeX Live 2016) (preloaded format=pdflatex 2016.5.22)  17 OCT 2017 13:40
entering extended mode
 \write18 enabled.
 %&-line parsing enabled.
**ps3_zlin.tex
(./ps3_zlin.tex
LaTeX2e <2016/03/31>
Babel <3.9r> and hyphenation patterns for 83 language(s) loaded.
(/usr/local/texlive/2016/texmf-dist/tex/latex/base/article.cls
Document Class: article 2014/09/29 v1.4h Standard LaTeX document class
(/usr/local/texlive/2016/texmf-dist/tex/latex/base/size10.clo
File: size10.clo 2014/09/29 v1.4h Standard LaTeX file (size option)
)
\c@part=\count79
\c@section=\count80
\c@subsection=\count81
\c@subsubsection=\count82
\c@paragraph=\count83
\c@subparagraph=\count84
\c@figure=\count85
\c@table=\count86
\abovecaptionskip=\skip41
\belowcaptionskip=\skip42
\bibindent=\dimen102
)
(/usr/local/texlive/2016/texmf-dist/tex/latex/graphics/graphicx.sty
Package: graphicx 2014/10/28 v1.0g Enhanced LaTeX Graphics (DPC,SPQR)

(/usr/local/texlive/2016/texmf-dist/tex/latex/graphics/keyval.sty
Package: keyval 2014/10/28 v1.15 key=value parser (DPC)
\KV@toks@=\toks14
)
(/usr/local/texlive/2016/texmf-dist/tex/latex/graphics/graphics.sty
Package: graphics 2016/05/09 v1.0r Standard LaTeX Graphics (DPC,SPQR)

(/usr/local/texlive/2016/texmf-dist/tex/latex/graphics/trig.sty
Package: trig 2016/01/03 v1.10 sin cos tan (DPC)
)
(/usr/local/texlive/2016/texmf-dist/tex/latex/graphics-cfg/graphics.cfg
File: graphics.cfg 2016/01/02 v1.10 sample graphics configuration
)
Package graphics Info: Driver file: pdftex.def on input line 96.

(/usr/local/texlive/2016/texmf-dist/tex/latex/pdftex-def/pdftex.def
File: pdftex.def 2011/05/27 v0.06d Graphics/color for pdfTeX

(/usr/local/texlive/2016/texmf-dist/tex/generic/oberdiek/infwarerr.sty
Package: infwarerr 2016/05/16 v1.4 Providing info/warning/error messages (HO)
)
(/usr/local/texlive/2016/texmf-dist/tex/generic/oberdiek/ltxcmds.sty
Package: ltxcmds 2016/05/16 v1.23 LaTeX kernel commands for general use (HO)
)
\Gread@gobject=\count87
))
\Gin@req@height=\dimen103
\Gin@req@width=\dimen104
)
(/usr/local/texlive/2016/texmf-dist/tex/latex/amsfonts/amsfonts.sty
Package: amsfonts 2013/01/14 v3.01 Basic AMSFonts support
\@emptytoks=\toks15
\symAMSa=\mathgroup4
\symAMSb=\mathgroup5
LaTeX Font Info:    Overwriting math alphabet `\mathfrak' in version `bold'
(Font)                  U/euf/m/n --> U/euf/b/n on input line 106.
)
(/usr/local/texlive/2016/texmf-dist/tex/latex/amsmath/amsmath.sty
Package: amsmath 2016/03/10 v2.15b AMS math features
\@mathmargin=\skip43

For additional information on amsmath, use the `?' option.
(/usr/local/texlive/2016/texmf-dist/tex/latex/amsmath/amstext.sty
Package: amstext 2000/06/29 v2.01 AMS text

(/usr/local/texlive/2016/texmf-dist/tex/latex/amsmath/amsgen.sty
File: amsgen.sty 1999/11/30 v2.0 generic functions
\@emptytoks=\toks16
\ex@=\dimen105
))
(/usr/local/texlive/2016/texmf-dist/tex/latex/amsmath/amsbsy.sty
Package: amsbsy 1999/11/29 v1.2d Bold Symbols
\pmbraise@=\dimen106
)
(/usr/local/texlive/2016/texmf-dist/tex/latex/amsmath/amsopn.sty
Package: amsopn 2016/03/08 v2.02 operator names
)
\inf@bad=\count88
LaTeX Info: Redefining \frac on input line 199.
\uproot@=\count89
\leftroot@=\count90
LaTeX Info: Redefining \overline on input line 297.
\classnum@=\count91
\DOTSCASE@=\count92
LaTeX Info: Redefining \ldots on input line 394.
LaTeX Info: Redefining \dots on input line 397.
LaTeX Info: Redefining \cdots on input line 518.
\Mathstrutbox@=\box26
\strutbox@=\box27
\big@size=\dimen107
LaTeX Font Info:    Redeclaring font encoding OML on input line 634.
LaTeX Font Info:    Redeclaring font encoding OMS on input line 635.
\macc@depth=\count93
\c@MaxMatrixCols=\count94
\dotsspace@=\muskip10
\c@parentequation=\count95
\dspbrk@lvl=\count96
\tag@help=\toks17
\row@=\count97
\column@=\count98
\maxfields@=\count99
\andhelp@=\toks18
\eqnshift@=\dimen108
\alignsep@=\dimen109
\tagshift@=\dimen110
\tagwidth@=\dimen111
\totwidth@=\dimen112
\lineht@=\dimen113
\@envbody=\toks19
\multlinegap=\skip44
\multlinetaggap=\skip45
\mathdisplay@stack=\toks20
LaTeX Info: Redefining \[ on input line 2739.
LaTeX Info: Redefining \] on input line 2740.
)
(/usr/local/texlive/2016/texmf-dist/tex/latex/amsfonts/amssymb.sty
Package: amssymb 2013/01/14 v3.01 AMS font symbols
)
(/usr/local/texlive/2016/texmf-dist/tex/latex/amscls/amsthm.sty
Package: amsthm 2015/03/04 v2.20.2
\thm@style=\toks21
\thm@bodyfont=\toks22
\thm@headfont=\toks23
\thm@notefont=\toks24
\thm@headpunct=\toks25
\thm@preskip=\skip46
\thm@postskip=\skip47
\thm@headsep=\skip48
\dth@everypar=\toks26
)
(/usr/local/texlive/2016/texmf-dist/tex/latex/url/url.sty
\Urlmuskip=\muskip11
Package: url 2013/09/16  ver 3.4  Verb mode for urls, etc.
)
(/usr/local/texlive/2016/texmf-dist/tex/latex/graphics/color.sty
Package: color 2016/05/09 v1.1c Standard LaTeX Color (DPC)

(/usr/local/texlive/2016/texmf-dist/tex/latex/graphics-cfg/color.cfg
File: color.cfg 2016/01/02 v1.6 sample color configuration
)
Package color Info: Driver file: pdftex.def on input line 144.
)
(/usr/local/texlive/2016/texmf-dist/tex/latex/algorithm2e/algorithm2e.sty
Package: algorithm2e 2013/01/06 v5.00 algorithms environments
\c@AlgoLine=\count100

(/usr/local/texlive/2016/texmf-dist/tex/latex/base/ifthen.sty
Package: ifthen 2014/09/29 v1.1c Standard LaTeX ifthen package (DPC)
)
\algocf@hangindent=\skip49

(/usr/local/texlive/2016/texmf-dist/tex/latex/tools/xspace.sty
Package: xspace 2014/10/28 v1.13 Space after command names (DPC,MH)
)
(/usr/local/texlive/2016/texmf-dist/tex/latex/relsize/relsize.sty
Package: relsize 2013/03/29 ver 4.1
)
********************************************************
Package `algorithm2e' Release 5.1 -- october 19 2015 --
- algorithm2e-announce@lirmm.fr mailing list for announcement about releases
- algorithm2e-discussion@lirmm.fr mailing list for discussion about package
subscribe by emailing sympa@lirmm.fr with 'subscribe <list> <firstname name>'
- Author: Christophe Fiorio (christophe.fiorio@umontpellier.fr)
********************************************************
\skiptotal=\skip50
\skiplinenumber=\skip51
\skiprule=\skip52
\skiphlne=\skip53
\skiptext=\skip54
\skiplength=\skip55
\algomargin=\skip56
\skipalgocfslide=\skip57
\algowidth=\dimen114
\inoutsize=\dimen115
\inoutindent=\dimen116
\interspacetitleruled=\dimen117
\interspacealgoruled=\dimen118
\interspacetitleboxruled=\dimen119
\algocf@ruledwidth=\skip58
\algocf@inoutbox=\box28
\algocf@inputbox=\box29
\AlCapSkip=\skip59
\AlCapHSkip=\skip60
\algoskipindent=\skip61
\algocf@nlbox=\box30
\algocf@hangingbox=\box31
\algocf@untilbox=\box32
\algocf@skipuntil=\skip62
\algocf@capbox=\box33
\algoheightruledefault=\skip63
\algoheightrule=\skip64
\algotitleheightruledefault=\skip65
\algotitleheightrule=\skip66
\c@algocfline=\count101
\c@algocfproc=\count102
\c@algocf=\count103
\algocf@algoframe=\box34
\algocf@algobox=\box35
) (/usr/local/texlive/2016/texmf-dist/tex/latex/minted/minted.sty
Package: minted 2015/09/09 v2.1 Yet another Pygments shim for LaTeX

(/usr/local/texlive/2016/texmf-dist/tex/latex/oberdiek/kvoptions.sty
Package: kvoptions 2016/05/16 v3.12 Key value format for package options (HO)

(/usr/local/texlive/2016/texmf-dist/tex/generic/oberdiek/kvsetkeys.sty
Package: kvsetkeys 2016/05/16 v1.17 Key value parser (HO)

(/usr/local/texlive/2016/texmf-dist/tex/generic/oberdiek/etexcmds.sty
Package: etexcmds 2016/05/16 v1.6 Avoid name clashes with e-TeX commands (HO)

(/usr/local/texlive/2016/texmf-dist/tex/generic/oberdiek/ifluatex.sty
Package: ifluatex 2016/05/16 v1.4 Provides the ifluatex switch (HO)
Package ifluatex Info: LuaTeX not detected.
)
Package etexcmds Info: Could not find \expanded.
(etexcmds)             That can mean that you are not using pdfTeX 1.50 or
(etexcmds)             that some package has redefined \expanded.
(etexcmds)             In the latter case, load this package earlier.
)))
(/usr/local/texlive/2016/texmf-dist/tex/latex/fancyvrb/fancyvrb.sty
Package: fancyvrb 2008/02/07

Style option: `fancyvrb' v2.7a, with DG/SPQR fixes, and firstline=lastline fix 
<2008/02/07> (tvz)
\FV@CodeLineNo=\count104
\FV@InFile=\read1
\FV@TabBox=\box36
\c@FancyVerbLine=\count105
\FV@StepNumber=\count106
\FV@OutFile=\write3
)
(/usr/local/texlive/2016/texmf-dist/tex/latex/float/float.sty
Package: float 2001/11/08 v1.3d Float enhancements (AL)
\c@float@type=\count107
\float@exts=\toks27
\float@box=\box37
\@float@everytoks=\toks28
\@floatcapt=\box38
)
(/usr/local/texlive/2016/texmf-dist/tex/latex/tools/calc.sty
Package: calc 2014/10/28 v4.3 Infix arithmetic (KKT,FJ)
\calc@Acount=\count108
\calc@Bcount=\count109
\calc@Adimen=\dimen120
\calc@Bdimen=\dimen121
\calc@Askip=\skip67
\calc@Bskip=\skip68
LaTeX Info: Redefining \setlength on input line 80.
LaTeX Info: Redefining \addtolength on input line 81.
\calc@Ccount=\count110
\calc@Cskip=\skip69
)
(/usr/local/texlive/2016/texmf-dist/tex/latex/ifplatform/ifplatform.sty
Package: ifplatform 2010/10/22 v0.4 Testing for the operating system

(/usr/local/texlive/2016/texmf-dist/tex/generic/oberdiek/pdftexcmds.sty
Package: pdftexcmds 2016/05/10 v0.21 Utility functions of pdfTeX for LuaTeX (HO
)

(/usr/local/texlive/2016/texmf-dist/tex/generic/oberdiek/ifpdf.sty
Package: ifpdf 2016/05/14 v3.1 Provides the ifpdf switch
)
Package pdftexcmds Info: LuaTeX not detected.
Package pdftexcmds Info: \pdf@primitive is available.
Package pdftexcmds Info: \pdf@ifprimitive is available.
Package pdftexcmds Info: \pdfdraftmode found.
)
(/usr/local/texlive/2016/texmf-dist/tex/generic/oberdiek/catchfile.sty
Package: catchfile 2016/05/16 v1.7 Catch the contents of a file (HO)
)
runsystem(uname -s > "ps3_zlin.w18")...executed.


(./ps3_zlin.w18)
runsystem(rm -- "ps3_zlin.w18")...executed.

)
(/usr/local/texlive/2016/texmf-dist/tex/latex/etoolbox/etoolbox.sty
Package: etoolbox 2015/08/02 v2.2a e-TeX tools for LaTeX (JAW)
\etb@tempcnta=\count111
)
(/usr/local/texlive/2016/texmf-dist/tex/generic/xstring/xstring.sty
(/usr/local/texlive/2016/texmf-dist/tex/generic/xstring/xstring.tex
\@xs@message=\write4
\integerpart=\count112
\decimalpart=\count113
)
Package: xstring 2013/10/13  v1.7c  String manipulations (C Tellechea)
)
(/usr/local/texlive/2016/texmf-dist/tex/latex/lineno/lineno.sty
Package: lineno 2005/11/02 line numbers on paragraphs v4.41
\linenopenalty=\count114
\output=\toks29
\linenoprevgraf=\count115
\linenumbersep=\dimen122
\linenumberwidth=\dimen123
\c@linenumber=\count116
\c@pagewiselinenumber=\count117
\c@LN@truepage=\count118
\c@internallinenumber=\count119
\c@internallinenumbers=\count120
\quotelinenumbersep=\dimen124
\bframerule=\dimen125
\bframesep=\dimen126
\bframebox=\box39
LaTeX Info: Redefining \\ on input line 3056.
)
\minted@appexistsfile=\read2
\FV@BreakIndent=\dimen127
\FV@BreakSymbolSepLeft=\dimen128
\FV@BreakSymbolSepRight=\dimen129
\FV@BreakSymbolIndentLeft=\dimen130
\FV@BreakSymbolIndentRight=\dimen131
\c@FancyVerbLineBreakLast=\count121
\FV@LineBox=\box40
\FV@LineIndentBox=\box41
\minted@bgbox=\box42
\minted@code=\write5
\c@minted@FancyVerbLineTemp=\count122
\@float@every@listing=\toks30
\c@listing=\count123
)
runsystem(mkdir -p "_minted-ps3_zlin")...executed.


(./_minted-ps3_zlin/default.pygstyle)
(/usr/local/texlive/2016/texmf-dist/tex/latex/booktabs/booktabs.sty
Package: booktabs 2016/04/27 v1.618033 publication quality tables
\heavyrulewidth=\dimen132
\lightrulewidth=\dimen133
\cmidrulewidth=\dimen134
\belowrulesep=\dimen135
\belowbottomsep=\dimen136
\aboverulesep=\dimen137
\abovetopsep=\dimen138
\cmidrulesep=\dimen139
\cmidrulekern=\dimen140
\defaultaddspace=\dimen141
\@cmidla=\count124
\@cmidlb=\count125
\@aboverulesep=\dimen142
\@belowrulesep=\dimen143
\@thisruleclass=\count126
\@lastruleclass=\count127
\@thisrulewidth=\dimen144
)
runsystem(which "pygmentize" && touch "ps3_zlin.aex")...executed.

runsystem(rm "ps3_zlin.aex")...executed.


(./ps3_zlin.aux)
\openout1 = `ps3_zlin.aux'.

LaTeX Font Info:    Checking defaults for OML/cmm/m/it on input line 57.
LaTeX Font Info:    ... okay on input line 57.
LaTeX Font Info:    Checking defaults for T1/cmr/m/n on input line 57.
LaTeX Font Info:    ... okay on input line 57.
LaTeX Font Info:    Checking defaults for OT1/cmr/m/n on input line 57.
LaTeX Font Info:    ... okay on input line 57.
LaTeX Font Info:    Checking defaults for OMS/cmsy/m/n on input line 57.
LaTeX Font Info:    ... okay on input line 57.
LaTeX Font Info:    Checking defaults for OMX/cmex/m/n on input line 57.
LaTeX Font Info:    ... okay on input line 57.
LaTeX Font Info:    Checking defaults for U/cmr/m/n on input line 57.
LaTeX Font Info:    ... okay on input line 57.

(/usr/local/texlive/2016/texmf-dist/tex/context/base/mkii/supp-pdf.mkii
[Loading MPS to PDF converter (version 2006.09.02).]
\scratchcounter=\count128
\scratchdimen=\dimen145
\scratchbox=\box43
\nofMPsegments=\count129
\nofMParguments=\count130
\everyMPshowfont=\toks31
\MPscratchCnt=\count131
\MPscratchDim=\dimen146
\MPnumerator=\count132
\makeMPintoPDFobject=\count133
\everyMPtoPDFconversion=\toks32
) (/usr/local/texlive/2016/texmf-dist/tex/latex/oberdiek/epstopdf-base.sty
Package: epstopdf-base 2016/05/15 v2.6 Base part for package epstopdf

(/usr/local/texlive/2016/texmf-dist/tex/latex/oberdiek/grfext.sty
Package: grfext 2016/05/16 v1.2 Manage graphics extensions (HO)

(/usr/local/texlive/2016/texmf-dist/tex/generic/oberdiek/kvdefinekeys.sty
Package: kvdefinekeys 2016/05/16 v1.4 Define keys (HO)
))
Package grfext Info: Graphics extension search list:
(grfext)             [.png,.pdf,.jpg,.mps,.jpeg,.jbig2,.jb2,.PNG,.PDF,.JPG,.JPE
G,.JBIG2,.JB2,.eps]
(grfext)             \AppendGraphicsExtensions on input line 456.

(/usr/local/texlive/2016/texmf-dist/tex/latex/latexconfig/epstopdf-sys.cfg
File: epstopdf-sys.cfg 2010/07/13 v1.3 Configuration of (r)epstopdf for TeX Liv
e
))
(./_minted-ps3_zlin/default-pyg-prefix.pygstyle)
Underfull \hbox (badness 10000) in paragraph at lines 77--80

 []


LaTeX Warning: Citation `blitzstein2014introduction' on page 1 undefined on inp
ut line 84.

LaTeX Font Info:    Try loading font information for U+msa on input line 86.
(/usr/local/texlive/2016/texmf-dist/tex/latex/amsfonts/umsa.fd
File: umsa.fd 2013/01/14 v3.01 AMS symbols A
)
LaTeX Font Info:    Try loading font information for U+msb on input line 86.

(/usr/local/texlive/2016/texmf-dist/tex/latex/amsfonts/umsb.fd
File: umsb.fd 2013/01/14 v3.01 AMS symbols B
)
Overfull \hbox (6.06862pt too wide) in paragraph at lines 99--106
[] 
 []

[1{/usr/local/texlive/2016/texmf-var/fonts/map/pdftex/updmap/pdftex.map}

]
Overfull \hbox (25.00003pt too wide) in paragraph at lines 134--146
$[]$ 
 []

[2]

LaTeX Warning: Citation `Brown' on page 3 undefined on input line 150.


Overfull \hbox (28.06862pt too wide) in paragraph at lines 161--172
[] 
 []


Underfull \hbox (badness 10000) in paragraph at lines 161--172

 []

\openout3 = `ps3_zlin.pyg'.


(./_minted-ps3_zlin/3AD052B8F55D9F0D69886086CA79C36C0758A3B8FA3C3C429D51E52876F
B2014.pygtex
LaTeX Font Info:    Try loading font information for OT1+pcr on input line 1.
 (/usr/local/texlive/2016/texmf-dist/tex/latex/psnfss/ot1pcr.fd
File: ot1pcr.fd 2001/06/04 font definitions for OT1/pcr.
)
LaTeX Font Info:    Font shape `OT1/pcr/m/it' in size <10> not available
(Font)              Font shape `OT1/pcr/m/sl' tried instead on input line 2.
LaTeX Font Info:    Font shape `OT1/pcr/bx/n' in size <10> not available
(Font)              Font shape `OT1/pcr/b/n' tried instead on input line 3.

[3]) [4]
Overfull \hbox (28.06862pt too wide) in paragraph at lines 228--235
[] 
 []


Underfull \hbox (badness 10000) in paragraph at lines 228--235

 []


Underfull \hbox (badness 10000) in paragraph at lines 228--235

 []

[5] <brown_hw1.pdf, id=36, 364.36125pt x 163.61125pt>
File: brown_hw1.pdf Graphic file (type pdf)
 <use brown_hw1.pdf>
Package pdftex.def Info: brown_hw1.pdf used on input line 250.
(pdftex.def)             Requested size: 144.54pt x 64.9016pt.


LaTeX Warning: Citation `Brown' on page 6 undefined on input line 252.


LaTeX Warning: Citation `Brown' on page 6 undefined on input line 252.


LaTeX Warning: Citation `Brown' on page 6 undefined on input line 257.

<brown_hw2.png, id=37, 540.0175pt x 194.7275pt>
File: brown_hw2.png Graphic file (type png)
 <use brown_hw2.png>
Package pdftex.def Info: brown_hw2.png used on input line 269.
(pdftex.def)             Requested size: 144.54pt x 52.11954pt.


LaTeX Warning: Citation `Brown' on page 6 undefined on input line 272.


LaTeX Warning: Citation `Brown' on page 6 undefined on input line 272.

\openout3 = `ps3_zlin.pyg'.


(./_minted-ps3_zlin/53BDBD5656C6170D06078AEE2E877C850758A3B8FA3C3C429D51E52876F
B2014.pygtex
Overfull \hbox (28.06862pt too wide) in paragraph at lines 277--1
[] 
 []


Underfull \hbox (badness 10000) in paragraph at lines 277--1

 []

[6 <./brown_hw1.pdf> <./brown_hw2.png>])
\openout3 = `ps3_zlin.pyg'.


(./_minted-ps3_zlin/18C558DBB6C4938E6815AF8B8DE4A56F0758A3B8FA3C3C429D51E52876F
B2014.pygtex)
\openout3 = `ps3_zlin.pyg'.


(./_minted-ps3_zlin/D73B31E3F3FB8EADA341885661E1D0650758A3B8FA3C3C429D51E52876F
B2014.pygtex
Underfull \hbox (badness 10000) in paragraph at lines 316--1

 []


Underfull \hbox (badness 10000) in paragraph at lines 316--1

 []


Underfull \hbox (badness 10000) in paragraph at lines 316--1

 []


Underfull \hbox (badness 10000) in paragraph at lines 316--1

 []


Underfull \hbox (badness 10000) in paragraph at lines 316--1

 []

[7]) [8] <p3-ptb.png, id=58, 367.3725pt x 264.99pt>
File: p3-ptb.png Graphic file (type png)
 <use p3-ptb.png>
Package pdftex.def Info: p3-ptb.png used on input line 395.
(pdftex.def)             Requested size: 208.635pt x 150.49191pt.

Overfull \hbox (28.06862pt too wide) in paragraph at lines 382--400
[] 
 []


Underfull \hbox (badness 10000) in paragraph at lines 382--400

 []

[9 <./p3-ptb.png>] <p3-ptc-1.png, id=64, 389.455pt x 264.99pt>
File: p3-ptc-1.png Graphic file (type png)

<use p3-ptc-1.png>
Package pdftex.def Info: p3-ptc-1.png used on input line 412.
(pdftex.def)             Requested size: 208.635pt x 141.95627pt.

Overfull \hbox (28.06862pt too wide) in paragraph at lines 403--417
[] 
 []


Underfull \hbox (badness 10000) in paragraph at lines 403--417

 []

[10 <./p3-ptc-1.png>] <p3-ptd-1.png, id=69, 382.42876pt x 264.99pt>
File: p3-ptd-1.png Graphic file (type png)

<use p3-ptd-1.png>
Package pdftex.def Info: p3-ptd-1.png used on input line 427.
(pdftex.def)             Requested size: 208.635pt x 144.56427pt.
 <p3-ptd-2.png, id=70, 382.42876pt x 264.99pt>
File: p3-ptd-2.png Graphic file (type png)

<use p3-ptd-2.png>
Package pdftex.def Info: p3-ptd-2.png used on input line 433.
(pdftex.def)             Requested size: 208.635pt x 144.56427pt.

Overfull \hbox (28.06862pt too wide) in paragraph at lines 419--439
[] 
 []


Underfull \hbox (badness 10000) in paragraph at lines 419--439

 []

[11 <./p3-ptd-1.png> <./p3-ptd-2.png>]
<p3-pte.png, id=76, 538.01pt x 543.02875pt>
File: p3-pte.png Graphic file (type png)
 <use p3-pte.png>
Package pdftex.def Info: p3-pte.png used on input line 452.
(pdftex.def)             Requested size: 208.635pt x 210.57889pt.

Overfull \hbox (28.06862pt too wide) in paragraph at lines 441--457
[] 
 []


Underfull \hbox (badness 10000) in paragraph at lines 441--457

 []

[12 <./p3-pte.png>] <p3-ptf.png, id=81, 538.01pt x 543.02875pt>
File: p3-ptf.png Graphic file (type png)

<use p3-ptf.png>
Package pdftex.def Info: p3-ptf.png used on input line 469.
(pdftex.def)             Requested size: 208.635pt x 210.57889pt.

Overfull \hbox (28.06862pt too wide) in paragraph at lines 460--475
[] 
 []


Underfull \hbox (badness 10000) in paragraph at lines 460--475

 []

[13 <./p3-ptf.png>]

LaTeX Warning: Citation `choi_cvpr10' on page 14 undefined on input line 481.

<object_recognition_in_context.pdf, id=87, 2172.115pt x 618.31pt>
File: object_recognition_in_context.pdf Graphic file (type pdf)

<use object_recognition_in_context.pdf>
Package pdftex.def Info: object_recognition_in_context.pdf used on input line 4
84.
(pdftex.def)             Requested size: 419.16621pt x 119.31987pt.

Overfull \hbox (1.89622pt too wide) in paragraph at lines 484--487
 [][] 
 []


LaTeX Warning: Citation `choi_cvpr10' on page 14 undefined on input line 487.


LaTeX Warning: Citation `choi_cvpr10' on page 14 undefined on input line 491.


LaTeX Warning: Citation `Chow68approximatingdiscrete' on page 14 undefined on i
nput line 496.

<object_recognition_in_context2.pdf, id=88, 503.00403pt x 116.995pt>
File: object_recognition_in_context2.pdf Graphic file (type pdf)

<use object_recognition_in_context2.pdf>
Package pdftex.def Info: object_recognition_in_context2.pdf used on input line 
519.
(pdftex.def)             Requested size: 419.16621pt x 97.49498pt.

Overfull \hbox (1.89622pt too wide) in paragraph at lines 519--521
 [][] 
 []


LaTeX Warning: Citation `choi_cvpr10' on page 14 undefined on input line 521.


LaTeX Warning: Citation `choi_cvpr10' on page 14 undefined on input line 521.

[14 <./object_recognition_in_context.pdf>]
\openout3 = `ps3_zlin.pyg'.


(./_minted-ps3_zlin/BD2E7B595E6940ECDA92C7F9EF58A76D0758A3B8FA3C3C429D51E52876F
B2014.pygtex
Overfull \hbox (6.06862pt too wide) in paragraph at lines 570--1
[] 
 []


Underfull \hbox (badness 10000) in paragraph at lines 570--1

 []

[15 <./object_recognition_in_context2.pdf>] [16])
\openout3 = `ps3_zlin.pyg'.


(./_minted-ps3_zlin/CE59CD6208F70A83E13BF26870AE1E480758A3B8FA3C3C429D51E52876F
B2014.pygtex)
\openout3 = `ps3_zlin.pyg'.


(./_minted-ps3_zlin/127FE17444E6D843B2E6B96FF4175A170758A3B8FA3C3C429D51E52876F
B2014.pygtex [17]) <p4.png, id=189, 1284.8pt x 963.6pt>
File: p4.png Graphic file (type png)
 <use p4.png>
Package pdftex.def Info: p4.png used on input line 682.
(pdftex.def)             Requested size: 419.16621pt x 314.37196pt.

Overfull \hbox (1.89622pt too wide) in paragraph at lines 682--684
 [][] 
 []

runsystem(rm "ps3_zlin.pyg")...executed.

[18 <./p4.png>] (./ps3_zlin.aux)

LaTeX Warning: There were undefined references.

 )
(\end occurred inside a group at level 1)

### simple group (level 1) entered at line 1061 ({)
### bottom level 
Here is how much of TeX's memory you used:
 6148 strings out of 493014
 100217 string characters out of 6133351
 210534 words of memory out of 5000000
 9542 multiletter control sequences out of 15000+600000
 9377 words of font info for 36 fonts, out of 8000000 for 9000
 1141 hyphenation exceptions out of 8191
 37i,16n,24p,1021b,4239s stack positions out of 5000i,500n,10000p,200000b,80000s
{/usr/local/texlive/2016/texmf-dist/fonts/enc/dvips/base/8r.enc
}</usr/local/texlive/2016/texmf-dist/fonts/type1/public/amsfonts/cm/cmbx10.pfb>
</usr/local/texlive/2016/texmf-dist/fonts/type1/public/amsfonts/cm/cmbx7.pfb></
usr/local/texlive/2016/texmf-dist/fonts/type1/public/amsfonts/cm/cmex10.pfb></u
sr/local/texlive/2016/texmf-dist/fonts/type1/public/amsfonts/cm/cmmi10.pfb></us
r/local/texlive/2016/texmf-dist/fonts/type1/public/amsfonts/cm/cmmi5.pfb></usr/
local/texlive/2016/texmf-dist/fonts/type1/public/amsfonts/cm/cmmi7.pfb></usr/lo
cal/texlive/2016/texmf-dist/fonts/type1/public/amsfonts/cm/cmr10.pfb></usr/loca
l/texlive/2016/texmf-dist/fonts/type1/public/amsfonts/cm/cmr12.pfb></usr/local/
texlive/2016/texmf-dist/fonts/type1/public/amsfonts/cm/cmr17.pfb></usr/local/te
xlive/2016/texmf-dist/fonts/type1/public/amsfonts/cm/cmr5.pfb></usr/local/texli
ve/2016/texmf-dist/fonts/type1/public/amsfonts/cm/cmr7.pfb></usr/local/texlive/
2016/texmf-dist/fonts/type1/public/amsfonts/cm/cmsl10.pfb></usr/local/texlive/2
016/texmf-dist/fonts/type1/public/amsfonts/cm/cmsy10.pfb></usr/local/texlive/20
16/texmf-dist/fonts/type1/public/amsfonts/cm/cmsy7.pfb></usr/local/texlive/2016
/texmf-dist/fonts/type1/public/amsfonts/cm/cmti10.pfb></usr/local/texlive/2016/
texmf-dist/fonts/type1/public/amsfonts/cm/cmtt10.pfb></usr/local/texlive/2016/t
exmf-dist/fonts/type1/urw/courier/ucrb8a.pfb></usr/local/texlive/2016/texmf-dis
t/fonts/type1/urw/courier/ucrr8a.pfb></usr/local/texlive/2016/texmf-dist/fonts/
type1/urw/courier/ucrro8a.pfb>
Output written on ps3_zlin.pdf (18 pages, 2562785 bytes).
PDF statistics:
 252 PDF objects out of 1000 (max. 8388607)
 173 compressed objects within 2 object streams
 0 named destinations out of 1000 (max. 500000)
 56 words of extra memory for PDF output out of 10000 (max. 10000000)

